# JRE version: OpenJDK Runtime Environment (8.0_202-b03) (build 1.8.0_202-release-1483-b03)
# Java VM: OpenJDK 64-Bit Server VM (25.202-b03 mixed mode windows-amd64 compressed oops)
Heap:
 PSYoungGen      total 441344K, used 384214K [0x00000000e0000000, 0x0000000100000000, 0x0000000100000000)
  eden space 364032K, 100% used [0x00000000e0000000,0x00000000f6380000,0x00000000f6380000)
  from space 77312K, 26% used [0x00000000f6380000,0x00000000f7735a60,0x00000000faf00000)
  to   space 74240K, 29% used [0x00000000fb780000,0x00000000fccc8100,0x0000000100000000)
 ParOldGen       total 542720K, used 59569K [0x00000000a0000000, 0x00000000c1200000, 0x00000000e0000000)
  object space 542720K, 10% used [0x00000000a0000000,0x00000000a3a2c6f8,0x00000000c1200000)
 Metaspace       used 103662K, capacity 109954K, committed 114456K, reserved 1148928K
  class space    used 13132K, capacity 14218K, committed 15144K, reserved 1048576K
GC Heap History (10 events):
Event: 7692.938 GC heap after
Heap after GC invocations=41 (full 5):
 PSYoungGen      total 433664K, used 352K [0x00000000e0000000, 0x00000000ff180000, 0x0000000100000000)
  eden space 360960K, 0% used [0x00000000e0000000,0x00000000e0000000,0x00000000f6080000)
  from space 72704K, 0% used [0x00000000fa880000,0x00000000fa8d8000,0x00000000fef80000)
  to   space 73728K, 0% used [0x00000000f6080000,0x00000000f6080000,0x00000000fa880000)
 ParOldGen       total 542720K, used 71703K [0x00000000a0000000, 0x00000000c1200000, 0x00000000e0000000)
  object space 542720K, 13% used [0x00000000a0000000,0x00000000a4605e58,0x00000000c1200000)
 Metaspace       used 102960K, capacity 107906K, committed 114456K, reserved 1148928K
  class space    used 13041K, capacity 13940K, committed 15144K, reserved 1048576K
}
Event: 7692.938 GC heap before
{Heap before GC invocations=42 (full 6):
 PSYoungGen      total 433664K, used 352K [0x00000000e0000000, 0x00000000ff180000, 0x0000000100000000)
  eden space 360960K, 0% used [0x00000000e0000000,0x00000000e0000000,0x00000000f6080000)
  from space 72704K, 0% used [0x00000000fa880000,0x00000000fa8d8000,0x00000000fef80000)
  to   space 73728K, 0% used [0x00000000f6080000,0x00000000f6080000,0x00000000fa880000)
 ParOldGen       total 542720K, used 71703K [0x00000000a0000000, 0x00000000c1200000, 0x00000000e0000000)
  object space 542720K, 13% used [0x00000000a0000000,0x00000000a4605e58,0x00000000c1200000)
 Metaspace       used 102960K, capacity 107906K, committed 114456K, reserved 1148928K
  class space    used 13041K, capacity 13940K, committed 15144K, reserved 1048576K
Event: 7693.277 GC heap after
Heap after GC invocations=42 (full 6):
 PSYoungGen      total 433664K, used 0K [0x00000000e0000000, 0x00000000ff180000, 0x0000000100000000)
  eden space 360960K, 0% used [0x00000000e0000000,0x00000000e0000000,0x00000000f6080000)
  from space 72704K, 0% used [0x00000000fa880000,0x00000000fa880000,0x00000000fef80000)
  to   space 73728K, 0% used [0x00000000f6080000,0x00000000f6080000,0x00000000fa880000)
 ParOldGen       total 542720K, used 59537K [0x00000000a0000000, 0x00000000c1200000, 0x00000000e0000000)
  object space 542720K, 10% used [0x00000000a0000000,0x00000000a3a246f8,0x00000000c1200000)
 Metaspace       used 100356K, capacity 104206K, committed 114456K, reserved 1148928K
  class space    used 12621K, capacity 13333K, committed 15144K, reserved 1048576K
}
Event: 8332.009 GC heap before
{Heap before GC invocations=43 (full 6):
 PSYoungGen      total 433664K, used 360960K [0x00000000e0000000, 0x00000000ff180000, 0x0000000100000000)
  eden space 360960K, 100% used [0x00000000e0000000,0x00000000f6080000,0x00000000f6080000)
  from space 72704K, 0% used [0x00000000fa880000,0x00000000fa880000,0x00000000fef80000)
  to   space 73728K, 0% used [0x00000000f6080000,0x00000000f6080000,0x00000000fa880000)
 ParOldGen       total 542720K, used 59537K [0x00000000a0000000, 0x00000000c1200000, 0x00000000e0000000)
  object space 542720K, 10% used [0x00000000a0000000,0x00000000a3a246f8,0x00000000c1200000)
 Metaspace       used 101354K, capacity 105784K, committed 114456K, reserved 1148928K
  class space    used 12763K, capacity 13595K, committed 15144K, reserved 1048576K
Event: 8332.029 GC heap after
Heap after GC invocations=43 (full 6):
 PSYoungGen      total 434688K, used 21349K [0x00000000e0000000, 0x00000000ff380000, 0x0000000100000000)
  eden space 360960K, 0% used [0x00000000e0000000,0x00000000e0000000,0x00000000f6080000)
  from space 73728K, 28% used [0x00000000f6080000,0x00000000f7559528,0x00000000fa880000)
  to   space 70144K, 0% used [0x00000000faf00000,0x00000000faf00000,0x00000000ff380000)
 ParOldGen       total 542720K, used 59545K [0x00000000a0000000, 0x00000000c1200000, 0x00000000e0000000)
  object space 542720K, 10% used [0x00000000a0000000,0x00000000a3a266f8,0x00000000c1200000)
 Metaspace       used 101354K, capacity 105784K, committed 114456K, reserved 1148928K
  class space    used 12763K, capacity 13595K, committed 15144K, reserved 1048576K
}
Event: 8334.306 GC heap before
{Heap before GC invocations=44 (full 6):
 PSYoungGen      total 434688K, used 382147K [0x00000000e0000000, 0x00000000ff380000, 0x0000000100000000)
  eden space 360960K, 99% used [0x00000000e0000000,0x00000000f6057a00,0x00000000f6080000)
  from space 73728K, 28% used [0x00000000f6080000,0x00000000f7559528,0x00000000fa880000)
  to   space 70144K, 0% used [0x00000000faf00000,0x00000000faf00000,0x00000000ff380000)
 ParOldGen       total 542720K, used 59545K [0x00000000a0000000, 0x00000000c1200000, 0x00000000e0000000)
  object space 542720K, 10% used [0x00000000a0000000,0x00000000a3a266f8,0x00000000c1200000)
 Metaspace       used 101984K, capacity 106892K, committed 114456K, reserved 1148928K
  class space    used 12837K, capacity 13727K, committed 15144K, reserved 1048576K
Event: 8334.362 GC heap after
Heap after GC invocations=44 (full 6):
 PSYoungGen      total 434176K, used 57526K [0x00000000e0000000, 0x0000000100000000, 0x0000000100000000)
  eden space 364032K, 0% used [0x00000000e0000000,0x00000000e0000000,0x00000000f6380000)
  from space 70144K, 82% used [0x00000000faf00000,0x00000000fe72d858,0x00000000ff380000)
  to   space 77312K, 0% used [0x00000000f6380000,0x00000000f6380000,0x00000000faf00000)
 ParOldGen       total 542720K, used 59553K [0x00000000a0000000, 0x00000000c1200000, 0x00000000e0000000)
  object space 542720K, 10% used [0x00000000a0000000,0x00000000a3a286f8,0x00000000c1200000)
 Metaspace       used 101984K, capacity 106892K, committed 114456K, reserved 1148928K
  class space    used 12837K, capacity 13727K, committed 15144K, reserved 1048576K
}
Event: 8401.591 GC heap before
{Heap before GC invocations=45 (full 6):
 PSYoungGen      total 434176K, used 421558K [0x00000000e0000000, 0x0000000100000000, 0x0000000100000000)
  eden space 364032K, 100% used [0x00000000e0000000,0x00000000f6380000,0x00000000f6380000)
  from space 70144K, 82% used [0x00000000faf00000,0x00000000fe72d858,0x00000000ff380000)
  to   space 77312K, 0% used [0x00000000f6380000,0x00000000f6380000,0x00000000faf00000)
 ParOldGen       total 542720K, used 59553K [0x00000000a0000000, 0x00000000c1200000, 0x00000000e0000000)
  object space 542720K, 10% used [0x00000000a0000000,0x00000000a3a286f8,0x00000000c1200000)
 Metaspace       used 103290K, capacity 109302K, committed 114456K, reserved 1148928K
  class space    used 13079K, capacity 14120K, committed 15144K, reserved 1048576K
Event: 8401.607 GC heap after
Heap after GC invocations=45 (full 6):
 PSYoungGen      total 441344K, used 20182K [0x00000000e0000000, 0x0000000100000000, 0x0000000100000000)
  eden space 364032K, 0% used [0x00000000e0000000,0x00000000e0000000,0x00000000f6380000)
  from space 77312K, 26% used [0x00000000f6380000,0x00000000f7735a60,0x00000000faf00000)
  to   space 74240K, 0% used [0x00000000fb780000,0x00000000fb780000,0x0000000100000000)
 ParOldGen       total 542720K, used 59561K [0x00000000a0000000, 0x00000000c1200000, 0x00000000e0000000)
  object space 542720K, 10% used [0x00000000a0000000,0x00000000a3a2a6f8,0x00000000c1200000)
 Metaspace       used 103290K, capacity 109302K, committed 114456K, reserved 1148928K
  class space    used 13079K, capacity 14120K, committed 15144K, reserved 1048576K
}
Event: 8429.369 GC heap before
{Heap before GC invocations=46 (full 6):
 PSYoungGen      total 441344K, used 384214K [0x00000000e0000000, 0x0000000100000000, 0x0000000100000000)
  eden space 364032K, 100% used [0x00000000e0000000,0x00000000f6380000,0x00000000f6380000)
  from space 77312K, 26% used [0x00000000f6380000,0x00000000f7735a60,0x00000000faf00000)
  to   space 74240K, 0% used [0x00000000fb780000,0x00000000fb780000,0x0000000100000000)
 ParOldGen       total 542720K, used 59561K [0x00000000a0000000, 0x00000000c1200000, 0x00000000e0000000)
  object space 542720K, 10% used [0x00000000a0000000,0x00000000a3a2a6f8,0x00000000c1200000)
 Metaspace       used 103662K, capacity 109954K, committed 114456K, reserved 1148928K
  class space    used 13132K, capacity 14218K, committed 15144K, reserved 1048576K

